빌드 시작: 2017-04-10 오후 5:11:08
     1>2 노드의 "C:\Users\USER\Documents\Visual Studio 2013\Projects\16.11.23_DBWriter\DBWriter\DBWriter.vcxproj" 프로젝트(Build 대상)입니다.
     1>ClCompile:
         C:\Program Files (x86)\Microsoft Visual Studio 12.0\VC\bin\x86_amd64\CL.exe /c /Imysql\include /Zi /nologo /W3 /WX- /sdl /Od /Oi /GL /D WIN32 /D NDEBUG /D _CONSOLE /D _LIB /D _UNICODE /D UNICODE /Gm- /EHsc /MT /GS /Gy /fp:precise /Zc:wchar_t /Zc:forScope /Fo"x64\Release\\" /Fd"x64\Release\vc120.pdb" /Gd /TP /errorReport:prompt DBWriter.cpp
         DBWriter.cpp
     1>DBWriter.cpp(36): warning C4244: '인수' : 'time_t'에서 'unsigned int'(으)로 변환하면서 데이터가 손실될 수 있습니다.
     1>DBWriter.cpp(95): warning C4244: '=' : '__int64'에서 'int'(으)로 변환하면서 데이터가 손실될 수 있습니다.
     1>DBWriter.cpp(133): warning C4101: 'sql_row' :참조되지 않은 지역 변수입니다.
     1>DBWriter.cpp(132): warning C4101: 'sql_result' :참조되지 않은 지역 변수입니다.
     1>DBWriter.cpp(296): warning C4313: 'wprintf'  : 서식 문자열의 '%x'이(가) 인수 1('HANDLE' 형식)과(와) 충돌합니다.
     1>DBWriter.cpp(303): warning C4313: 'wprintf'  : 서식 문자열의 '%x'이(가) 인수 1('HANDLE' 형식)과(와) 충돌합니다.
     1>DBWriter.cpp(320): warning C4313: 'wprintf'  : 서식 문자열의 '%x'이(가) 인수 1('HANDLE' 형식)과(와) 충돌합니다.
     1>DBWriter.cpp(327): warning C4313: 'wprintf'  : 서식 문자열의 '%x'이(가) 인수 1('HANDLE' 형식)과(와) 충돌합니다.
       Link:
         C:\Program Files (x86)\Microsoft Visual Studio 12.0\VC\bin\x86_amd64\link.exe /ERRORREPORT:PROMPT /OUT:"C:\Users\USER\Documents\Visual Studio 2013\Projects\16.11.23_DBWriter\x64\Release\DBWriter.exe" /INCREMENTAL:NO /NOLOGO kernel32.lib user32.lib gdi32.lib winspool.lib comdlg32.lib advapi32.lib shell32.lib ole32.lib oleaut32.lib uuid.lib odbc32.lib odbccp32.lib /MANIFEST /MANIFESTUAC:"level='asInvoker' uiAccess='false'" /manifest:embed /DEBUG /PDB:"C:\Users\USER\Documents\Visual Studio 2013\Projects\16.11.23_DBWriter\x64\Release\DBWriter.pdb" /SUBSYSTEM:CONSOLE /OPT:REF /OPT:ICF /LTCG /TLBID:1 /DYNAMICBASE /NXCOMPAT /IMPLIB:"C:\Users\USER\Documents\Visual Studio 2013\Projects\16.11.23_DBWriter\x64\Release\DBWriter.lib" /MACHINE:X64 x64\Release\DBWriter.obj
         x64\Release\StreamQueue.obj
         코드를 생성하고 있습니다.
         코드를 생성했습니다.
         DBWriter.vcxproj -> C:\Users\USER\Documents\Visual Studio 2013\Projects\16.11.23_DBWriter\x64\Release\DBWriter.exe
     1>"C:\Users\USER\Documents\Visual Studio 2013\Projects\16.11.23_DBWriter\DBWriter\DBWriter.vcxproj" 프로젝트를 빌드했습니다(Build 대상).

빌드했습니다.

경과 시간: 00:00:02.31
